\BOOKMARK [0][-]{section*.3}{List of Figures}{}% 1
\BOOKMARK [0][-]{chapter.4}{Introduction }{}% 2
\BOOKMARK [0][-]{chapter.5}{Background }{}% 3
\BOOKMARK [0][-]{chapter.6}{Stage 1 Summary}{}% 4
\BOOKMARK [0][-]{chapter.7}{RAN Design and Implementation}{}% 5
\BOOKMARK [1][-]{section.8}{Design Objectives }{chapter.7}% 6
\BOOKMARK [1][-]{section.9}{Prior Work}{chapter.7}% 7
\BOOKMARK [2][-]{subsection.10}{Kernel-Based RAN}{section.9}% 8
\BOOKMARK [2][-]{subsection.11}{DPDK-based RAN}{section.9}% 9
\BOOKMARK [1][-]{section.12}{RAN Architecture}{chapter.7}% 10
\BOOKMARK [2][-]{subsection.13}{Threading Model}{section.12}% 11
\BOOKMARK [2][-]{subsection.14}{Core Layout}{section.12}% 12
\BOOKMARK [1][-]{section.16}{Latency Calculation Mechanisms}{chapter.7}% 13
\BOOKMARK [2][-]{subsection.17}{Key Idea }{section.16}% 14
\BOOKMARK [2][-]{subsection.18}{Defintion of Control Plane Latency}{section.16}% 15
\BOOKMARK [2][-]{subsection.19}{Implementation Issues}{section.16}% 16
\BOOKMARK [2][-]{subsection.22}{Details}{section.16}% 17
\BOOKMARK [1][-]{section.23}{Control Plane + Data Plane Traffic}{chapter.7}% 18
\BOOKMARK [2][-]{subsection.24}{Issues}{section.23}% 19
\BOOKMARK [0][-]{chapter.25}{Evaluation}{}% 20
\BOOKMARK [0][-]{chapter.26}{Introduction }{}% 21
\BOOKMARK [1][-]{section.27}{5G Forwarding Plane }{chapter.26}% 22
\BOOKMARK [2][-]{subsection.28}{Radio Access Network \(RAN\) }{section.27}% 23
\BOOKMARK [2][-]{subsection.29}{User Plane Function \(UPF\) }{section.27}% 24
\BOOKMARK [2][-]{subsection.31}{Data Network Name \(DNN\) }{section.27}% 25
\BOOKMARK [1][-]{section.32}{PFCP Protocol}{chapter.26}% 26
\BOOKMARK [1][-]{section.34}{Organization }{chapter.26}% 27
\BOOKMARK [0][-]{chapter.35}{Problem Statement }{}% 28
\BOOKMARK [0][-]{chapter.36}{RAN Design}{}% 29
\BOOKMARK [1][-]{section.37}{Core Layout}{chapter.36}% 30
\BOOKMARK [1][-]{section.39}{Forwarding of Control Plane Messages}{chapter.36}% 31
\BOOKMARK [1][-]{section.40}{Modes of Operation}{chapter.36}% 32
\BOOKMARK [2][-]{subsection.41}{Setup sessions and send data}{section.40}% 33
\BOOKMARK [2][-]{subsection.42}{Send only control plane traffic}{section.40}% 34
\BOOKMARK [2][-]{subsection.43}{Send Control Plane and Data Plane Traffic Simultaneously}{section.40}% 35
\BOOKMARK [2][-]{subsection.44}{Helper Functions}{section.40}% 36
\BOOKMARK [2][-]{subsection.45}{QoS Functions}{section.40}% 37
\BOOKMARK [0][-]{chapter.46}{Control Plane Latency}{}% 38
\BOOKMARK [1][-]{section.47}{Latency Calculation Algorithms}{chapter.46}% 39
\BOOKMARK [2][-]{subsection.48}{Key Concept}{section.47}% 40
\BOOKMARK [2][-]{subsection.50}{Calculation of Latency}{section.47}% 41
\BOOKMARK [2][-]{subsection.51}{Why do we need different techniques for control plane and data plane?}{section.47}% 42
\BOOKMARK [1][-]{section.52}{Callback functions}{chapter.46}% 43
\BOOKMARK [0][-]{chapter.53}{Data Plane + Control Plane Traffic}{}% 44
\BOOKMARK [1][-]{section.54}{Algorithm}{chapter.53}% 45
\BOOKMARK [1][-]{section.55}{Issues}{chapter.53}% 46
\BOOKMARK [0][-]{chapter.56}{Clean Code}{}% 47
\BOOKMARK [1][-]{section.57}{Naming of Variables}{chapter.56}% 48
\BOOKMARK [2][-]{subsection.58}{Issues}{section.57}% 49
\BOOKMARK [2][-]{subsection.59}{Resolution}{section.57}% 50
\BOOKMARK [1][-]{section.60}{Stale Comments}{chapter.56}% 51
\BOOKMARK [2][-]{subsection.61}{Issues}{section.60}% 52
\BOOKMARK [2][-]{subsection.62}{Resolution}{section.60}% 53
\BOOKMARK [1][-]{section.63}{Dead Code}{chapter.56}% 54
\BOOKMARK [2][-]{subsection.64}{Issue}{section.63}% 55
\BOOKMARK [2][-]{subsection.65}{Resolution}{section.63}% 56
\BOOKMARK [1][-]{section.66}{Deprecated Options}{chapter.56}% 57
\BOOKMARK [2][-]{subsection.67}{Issue}{section.66}% 58
\BOOKMARK [2][-]{subsection.68}{Resolution}{section.66}% 59
\BOOKMARK [1][-]{section.69}{Reused Code}{chapter.56}% 60
\BOOKMARK [2][-]{subsection.70}{Issues}{section.69}% 61
\BOOKMARK [2][-]{subsection.71}{Resolution}{section.69}% 62
\BOOKMARK [1][-]{section.72}{Global Variables}{chapter.56}% 63
\BOOKMARK [2][-]{subsection.73}{Issue}{section.72}% 64
\BOOKMARK [2][-]{subsection.74}{Resolution}{section.72}% 65
\BOOKMARK [1][-]{section.75}{Directory Structure}{chapter.56}% 66
\BOOKMARK [2][-]{subsection.76}{Issues}{section.75}% 67
\BOOKMARK [2][-]{subsection.77}{Resolution}{section.75}% 68
\BOOKMARK [1][-]{section.78}{Poor Refactoring}{chapter.56}% 69
\BOOKMARK [2][-]{subsection.79}{Issues}{section.78}% 70
\BOOKMARK [2][-]{subsection.80}{Resolution}{section.78}% 71
\BOOKMARK [1][-]{section.81}{Unnecessary Offloads}{chapter.56}% 72
\BOOKMARK [2][-]{subsection.82}{Issues}{section.81}% 73
\BOOKMARK [2][-]{subsection.83}{Resolution}{section.81}% 74
\BOOKMARK [1][-]{section.84}{Technical Improvements}{chapter.56}% 75
\BOOKMARK [2][-]{subsection.85}{Issues}{section.84}% 76
\BOOKMARK [2][-]{subsection.86}{Resolution}{section.84}% 77
\BOOKMARK [0][-]{chapter.87}{Results}{}% 78
\BOOKMARK [1][-]{section.88}{Experimental Setup}{chapter.87}% 79
\BOOKMARK [1][-]{section.97}{UPF}{chapter.87}% 80
\BOOKMARK [1][-]{section.99}{Results}{chapter.87}% 81
\BOOKMARK [2][-]{subsection.100}{Control Plane Performance}{section.99}% 82
\BOOKMARK [0][-]{section*.105}{Bibliography}{}% 83
